{"contracts/Lottery.sol":{"l":{"55":3,"56":3,"57":3,"58":3,"59":3,"60":3,"61":3,"62":3,"66":5,"67":1,"69":4,"70":1,"72":3,"73":3,"96":1,"97":1,"98":1,"99":1,"100":1,"106":1,"107":1,"108":0,"114":1,"115":1,"122":1,"129":0,"130":0,"131":0,"132":0,"133":0,"134":0,"135":0,"136":0,"137":0,"139":0,"145":1,"149":0,"153":0,"157":0,"161":1,"165":0,"169":6,"173":5,"177":0},"path":"/media/sharath/59a93e09-d123-4481-b446-4929f83ea50d/sharath/GitHub/hardhat-lottery-fcc/contracts/Lottery.sol","s":{"1":3,"2":3,"3":3,"4":3,"5":3,"6":3,"7":3,"8":3,"9":5,"10":4,"11":3,"12":3,"13":1,"14":1,"15":1,"16":1,"17":1,"18":1,"19":1,"20":1,"21":1,"22":1,"23":0,"24":0,"25":0,"26":0,"27":0,"28":0,"29":0,"30":0,"31":0,"32":1,"33":0,"34":0,"35":0,"36":1,"37":0,"38":6,"39":5,"40":0},"b":{"1":[1,4],"2":[1,3],"3":[0,1],"4":[0,0]},"f":{"1":3,"2":5,"3":1,"4":1,"5":0,"6":1,"7":0,"8":0,"9":0,"10":1,"11":0,"12":6,"13":5,"14":0},"fnMap":{"1":{"name":"constructor","line":54,"loc":{"start":{"line":47,"column":4},"end":{"line":63,"column":4}}},"2":{"name":"enterLottery","line":65,"loc":{"start":{"line":65,"column":4},"end":{"line":74,"column":4}}},"3":{"name":"checkUpkeep","line":85,"loc":{"start":{"line":85,"column":4},"end":{"line":101,"column":4}}},"4":{"name":"performUpkeep","line":103,"loc":{"start":{"line":103,"column":4},"end":{"line":123,"column":4}}},"5":{"name":"fulfillRandomWords","line":125,"loc":{"start":{"line":125,"column":4},"end":{"line":140,"column":4}}},"6":{"name":"getLotteryState","line":144,"loc":{"start":{"line":144,"column":4},"end":{"line":146,"column":4}}},"7":{"name":"getNumWords","line":148,"loc":{"start":{"line":148,"column":4},"end":{"line":150,"column":4}}},"8":{"name":"getRequestConfirmations","line":152,"loc":{"start":{"line":152,"column":4},"end":{"line":154,"column":4}}},"9":{"name":"getRecentWinner","line":156,"loc":{"start":{"line":156,"column":4},"end":{"line":158,"column":4}}},"10":{"name":"getPlayer","line":160,"loc":{"start":{"line":160,"column":4},"end":{"line":162,"column":4}}},"11":{"name":"getLastTimeStamp","line":164,"loc":{"start":{"line":164,"column":4},"end":{"line":166,"column":4}}},"12":{"name":"getInterval","line":168,"loc":{"start":{"line":168,"column":4},"end":{"line":170,"column":4}}},"13":{"name":"getEntranceFee","line":172,"loc":{"start":{"line":172,"column":4},"end":{"line":174,"column":4}}},"14":{"name":"getNumberOfPlayers","line":176,"loc":{"start":{"line":176,"column":4},"end":{"line":178,"column":4}}}},"statementMap":{"1":{"start":{"line":55,"column":8},"end":{"line":55,"column":35}},"2":{"start":{"line":56,"column":8},"end":{"line":56,"column":69}},"3":{"start":{"line":57,"column":8},"end":{"line":57,"column":26}},"4":{"start":{"line":58,"column":8},"end":{"line":58,"column":40}},"5":{"start":{"line":59,"column":8},"end":{"line":59,"column":44}},"6":{"start":{"line":60,"column":8},"end":{"line":60,"column":28}},"7":{"start":{"line":61,"column":8},"end":{"line":61,"column":41}},"8":{"start":{"line":62,"column":8},"end":{"line":62,"column":40}},"9":{"start":{"line":66,"column":8},"end":{"line":66,"column":2329}},"10":{"start":{"line":69,"column":8},"end":{"line":69,"column":2431}},"11":{"start":{"line":72,"column":8},"end":{"line":72,"column":42}},"12":{"start":{"line":73,"column":8},"end":{"line":73,"column":37}},"13":{"start":{"line":96,"column":8},"end":{"line":96,"column":59}},"14":{"start":{"line":97,"column":8},"end":{"line":97,"column":76}},"15":{"start":{"line":98,"column":8},"end":{"line":98,"column":45}},"16":{"start":{"line":99,"column":8},"end":{"line":99,"column":51}},"17":{"start":{"line":100,"column":8},"end":{"line":100,"column":71}},"18":{"start":{"line":106,"column":8},"end":{"line":106,"column":47}},"19":{"start":{"line":107,"column":8},"end":{"line":107,"column":3721}},"20":{"start":{"line":114,"column":8},"end":{"line":114,"column":48}},"21":{"start":{"line":115,"column":8},"end":{"line":115,"column":3983}},"22":{"start":{"line":122,"column":8},"end":{"line":122,"column":46}},"23":{"start":{"line":129,"column":8},"end":{"line":129,"column":65}},"24":{"start":{"line":130,"column":8},"end":{"line":130,"column":63}},"25":{"start":{"line":131,"column":8},"end":{"line":131,"column":36}},"26":{"start":{"line":132,"column":8},"end":{"line":132,"column":41}},"27":{"start":{"line":133,"column":8},"end":{"line":133,"column":40}},"28":{"start":{"line":134,"column":8},"end":{"line":134,"column":43}},"29":{"start":{"line":135,"column":8},"end":{"line":135,"column":78}},"30":{"start":{"line":136,"column":8},"end":{"line":136,"column":4827}},"31":{"start":{"line":139,"column":8},"end":{"line":139,"column":39}},"32":{"start":{"line":145,"column":8},"end":{"line":145,"column":29}},"33":{"start":{"line":149,"column":8},"end":{"line":149,"column":24}},"34":{"start":{"line":153,"column":8},"end":{"line":153,"column":36}},"35":{"start":{"line":157,"column":8},"end":{"line":157,"column":29}},"36":{"start":{"line":161,"column":8},"end":{"line":161,"column":31}},"37":{"start":{"line":165,"column":8},"end":{"line":165,"column":30}},"38":{"start":{"line":169,"column":8},"end":{"line":169,"column":25}},"39":{"start":{"line":173,"column":8},"end":{"line":173,"column":28}},"40":{"start":{"line":177,"column":8},"end":{"line":177,"column":31}}},"branchMap":{"1":{"line":66,"type":"if","locations":[{"start":{"line":66,"column":8},"end":{"line":66,"column":8}},{"start":{"line":66,"column":8},"end":{"line":66,"column":8}}]},"2":{"line":69,"type":"if","locations":[{"start":{"line":69,"column":8},"end":{"line":69,"column":8}},{"start":{"line":69,"column":8},"end":{"line":69,"column":8}}]},"3":{"line":107,"type":"if","locations":[{"start":{"line":107,"column":8},"end":{"line":107,"column":8}},{"start":{"line":107,"column":8},"end":{"line":107,"column":8}}]},"4":{"line":136,"type":"if","locations":[{"start":{"line":136,"column":8},"end":{"line":136,"column":8}},{"start":{"line":136,"column":8},"end":{"line":136,"column":8}}]}}},"contracts/test/VRFCoordinatorV2Mock.sol":{"l":{},"path":"/media/sharath/59a93e09-d123-4481-b446-4929f83ea50d/sharath/GitHub/hardhat-lottery-fcc/contracts/test/VRFCoordinatorV2Mock.sol","s":{},"b":{},"f":{},"fnMap":{},"statementMap":{},"branchMap":{}}}