TN:
SF:/media/sharath/59a93e09-d123-4481-b446-4929f83ea50d/sharath/GitHub/hardhat-lottery-fcc/contracts/Lottery.sol
FN:54,constructor
FN:65,enterLottery
FN:85,checkUpkeep
FN:103,performUpkeep
FN:125,fulfillRandomWords
FN:144,getLotteryState
FN:148,getNumWords
FN:152,getRequestConfirmations
FN:156,getRecentWinner
FN:160,getPlayer
FN:164,getLastTimeStamp
FN:168,getInterval
FN:172,getEntranceFee
FN:176,getNumberOfPlayers
FNF:14
FNH:8
FNDA:3,constructor
FNDA:5,enterLottery
FNDA:1,checkUpkeep
FNDA:1,performUpkeep
FNDA:0,fulfillRandomWords
FNDA:1,getLotteryState
FNDA:0,getNumWords
FNDA:0,getRequestConfirmations
FNDA:0,getRecentWinner
FNDA:1,getPlayer
FNDA:0,getLastTimeStamp
FNDA:6,getInterval
FNDA:5,getEntranceFee
FNDA:0,getNumberOfPlayers
DA:55,3
DA:56,3
DA:57,3
DA:58,3
DA:59,3
DA:60,3
DA:61,3
DA:62,3
DA:66,5
DA:67,1
DA:69,4
DA:70,1
DA:72,3
DA:73,3
DA:96,1
DA:97,1
DA:98,1
DA:99,1
DA:100,1
DA:106,1
DA:107,1
DA:108,0
DA:114,1
DA:115,1
DA:122,1
DA:129,0
DA:130,0
DA:131,0
DA:132,0
DA:133,0
DA:134,0
DA:135,0
DA:136,0
DA:137,0
DA:139,0
DA:145,1
DA:149,0
DA:153,0
DA:157,0
DA:161,1
DA:165,0
DA:169,6
DA:173,5
DA:177,0
LF:44
LH:28
BRDA:66,1,0,1
BRDA:66,1,1,4
BRDA:69,2,0,1
BRDA:69,2,1,3
BRDA:107,3,0,0
BRDA:107,3,1,1
BRDA:136,4,0,0
BRDA:136,4,1,0
BRF:8
BRH:5
end_of_record
TN:
SF:/media/sharath/59a93e09-d123-4481-b446-4929f83ea50d/sharath/GitHub/hardhat-lottery-fcc/contracts/test/VRFCoordinatorV2Mock.sol
FNF:0
FNH:0
LF:0
LH:0
BRF:0
BRH:0
end_of_record
