TN:
SF:/media/sharath/59a93e09-d123-4481-b446-4929f83ea50d/sharath/GitHub/hardhat-lottery-fcc/contracts/Lottery.sol
FN:54,constructor
FN:65,enterLottery
FN:85,checkUpkeep
FN:103,performUpkeep
FN:125,fulfillRandomWords
FN:144,getLotteryState
FN:148,getNumWords
FN:152,getRequestConfirmations
FN:156,getRecentWinner
FN:160,getPlayer
FN:164,getLastTimeStamp
FN:168,getInterval
FN:172,getEntranceFee
FN:176,getNumberOfPlayers
FNF:14
FNH:11
FNDA:3,constructor
FNDA:13,enterLottery
FNDA:8,checkUpkeep
FNDA:6,performUpkeep
FNDA:1,fulfillRandomWords
FNDA:4,getLotteryState
FNDA:0,getNumWords
FNDA:0,getRequestConfirmations
FNDA:1,getRecentWinner
FNDA:2,getPlayer
FNDA:2,getLastTimeStamp
FNDA:13,getInterval
FNDA:12,getEntranceFee
FNDA:0,getNumberOfPlayers
DA:55,3
DA:56,3
DA:57,3
DA:58,3
DA:59,3
DA:60,3
DA:61,3
DA:62,3
DA:66,13
DA:67,1
DA:69,12
DA:70,1
DA:72,11
DA:73,11
DA:96,8
DA:97,8
DA:98,8
DA:99,8
DA:100,8
DA:106,6
DA:107,6
DA:108,1
DA:114,5
DA:115,5
DA:122,5
DA:129,1
DA:130,1
DA:131,1
DA:132,1
DA:133,1
DA:134,1
DA:135,1
DA:136,1
DA:137,0
DA:139,1
DA:145,4
DA:149,0
DA:153,0
DA:157,1
DA:161,2
DA:165,2
DA:169,13
DA:173,12
DA:177,0
LF:44
LH:40
BRDA:66,1,0,1
BRDA:66,1,1,12
BRDA:69,2,0,1
BRDA:69,2,1,11
BRDA:107,3,0,1
BRDA:107,3,1,5
BRDA:136,4,0,0
BRDA:136,4,1,1
BRF:8
BRH:7
end_of_record
TN:
SF:/media/sharath/59a93e09-d123-4481-b446-4929f83ea50d/sharath/GitHub/hardhat-lottery-fcc/contracts/test/VRFCoordinatorV2Mock.sol
FNF:0
FNH:0
LF:0
LH:0
BRF:0
BRH:0
end_of_record
